<?xml version="1.0" encoding="UTF-8"?>
<!-- Generated by org.testng.reporters.JUnitReportReporter -->
<testsuite hostname="MSI" failures="0" tests="1" name="Tests.StandAloneTest" time="20.521" errors="0" timestamp="2024-06-05T22:41:09 IST" skipped="0">
  <testcase classname="Tests.StandAloneTest" name="submitOrder" time="20.521"/>
</testsuite> <!-- Tests.StandAloneTest -->
