<?xml version="1.0" encoding="UTF-8"?>
<!-- Generated by org.testng.reporters.JUnitReportReporter -->
<testsuite hostname="MSI" failures="0" tests="1" name="Tests.ErrorValidation" time="2.557" errors="0" timestamp="2024-06-05T23:01:11 IST" skipped="0">
  <testcase classname="Tests.ErrorValidation" name="submitOrder" time="2.557"/>
</testsuite> <!-- Tests.ErrorValidation -->
