<?xml version="1.0" encoding="UTF-8"?>
<!-- Generated by org.testng.reporters.JUnitReportReporter -->
<testsuite hostname="MSI" failures="0" tests="3" name="Tests.SubmitOrderTest" time="41.946" errors="0" timestamp="2024-06-09T00:36:24 IST" skipped="0">
  <testcase classname="Tests.SubmitOrderTest" name="submitOrder" time="18.571"/>
  <testcase classname="Tests.SubmitOrderTest" name="orderHistoryTest" time="3.501"/>
  <testcase classname="Tests.SubmitOrderTest" name="submitOrder" time="19.874"/>
</testsuite> <!-- Tests.SubmitOrderTest -->
