<?xml version="1.0" encoding="UTF-8"?>
<!-- Generated by org.testng.reporters.JUnitReportReporter -->
<testsuite hostname="MSI" failures="0" tests="2" name="Tests.SubmitOrderTest" time="28.206" errors="0" timestamp="2024-06-09T14:55:39 IST" skipped="0">
  <testcase classname="Tests.SubmitOrderTest" name="submitOrder" time="19.105"/>
  <testcase classname="Tests.SubmitOrderTest" name="submitOrder" time="9.101"/>
</testsuite> <!-- Tests.SubmitOrderTest -->
